[2021-08-05T12:34:55.987518+00:00] app.DEBUG: email is occupied {"method":"POST","url":"/api/user/","file":"/var/www/project.local/src/Wrappers/UserWrapper.php","line":37} []
[2021-08-05T12:39:52.821713+00:00] app.DEBUG: 1 {"method":"POST","url":"/api/user/","file":"/var/www/project.local/src/Entities/User.php","line":136} []
[2021-08-05T12:41:34.427341+00:00] app.DEBUG: create_date is empty {"method":"POST","url":"/api/user/","file":"/var/www/project.local/src/Entities/User.php","line":136} []
[2021-08-05T12:44:25.891286+00:00] app.DEBUG: create_date is empty {"method":"POST","url":"/api/user/","file":"/var/www/project.local/src/Entities/User.php","line":136} []
[2021-08-05T12:49:28.200891+00:00] app.DEBUG: create_date is empty {"method":"POST","url":"/api/user/","file":"/var/www/project.local/src/Entities/User.php","line":136} []
[2021-08-05T12:50:03.907618+00:00] app.DEBUG: create_date is incorrect {"method":"POST","url":"/api/user/","file":"/var/www/project.local/src/Entities/User.php","line":139} []
[2021-08-05T13:39:44.318677+00:00] app.DEBUG: An exception occurred while executing 'INSERT INTO users (id, create_date, update_date, remind_date, auth_date, user_status, user_token, user_email, user_phone, user_hash, user_name) VALUES (?, ?, ?, ?, ?, ?, ?, ?, ?, ?, ?)' with params [1, "2021-08-05 13:39:27", "1970-01-01 00:00:00", "2021-08-05 13:39:27", "2021-08-05 13:39:27", "pending", "f1f318707f53e33c4bf48f49c2665809fe4c399cbbea8a091736968ca30ca4b74f0633a96ab364bb", "14november@mail.ru", null, "49710d450028ff4ddd65b8dbd5c8238e05880e26", "art abramov"]:  SQLSTATE[23505]: Unique violation: 7 ERROR:  duplicate key value violates unique constraint "users_pkey" DETAIL:  Key (id)=(1) already exists. {"method":"POST","url":"/api/user/?user_email=14november%40mail.ru&user_name=art%20abramov","file":"/var/www/project.local/vendor/doctrine/dbal/lib/Doctrine/DBAL/Driver/AbstractPostgreSQLDriver.php","line":70} []
[2021-08-05T16:15:08.434977+00:00] app.DEBUG: user_email is empty {"method":"POST","url":"/api/user","file":"/var/www/project.local/src/Entities/User.php","line":175} []
[2021-08-05T16:47:14.358406+00:00] app.DEBUG: Unclosed '{' on line 59 does not match ')' {"method":"POST","url":"/api/user?user_email=14november%40mail.ru&user_name=art%20abramov","file":"/var/www/project.local/src/Wrappers/UserWrapper.php","line":62} []
[2021-08-05T16:54:31.851813+00:00] app.DEBUG: syntax error, unexpected single-quoted string "success", expecting "]" {"method":"POST","url":"/api/user?user_email=14november%40mail.ru&user_name=art%20abramov","file":"/var/www/project.local/src/Wrappers/UserWrapper.php","line":100} []
[2021-08-05T16:54:50.990997+00:00] app.DEBUG: Class "App\Wrappers\Flight" not found {"method":"POST","url":"/api/user?user_email=14november%40mail.ru&user_name=art%20abramov","file":"/var/www/project.local/src/Wrappers/UserWrapper.php","line":60} []
[2021-08-05T16:56:54.983108+00:00] app.DEBUG: Undefined variable $user {"method":"POST","url":"/api/user?user_email=14november%40mail.ru2&user_name=art%20abramov","file":"/var/www/project.local/src/Wrappers/UserWrapper.php","line":103} []
[2021-08-05T16:58:19.057263+00:00] app.DEBUG: Undefined property: DateTime::$timezone {"method":"POST","url":"/api/user?user_email=14november%40mail.ru2&user_name=art%20abramov","file":"/var/www/project.local/src/Wrappers/UserWrapper.php","line":101} []
[2021-08-05T16:59:10.019223+00:00] app.DEBUG: Call to a member function format() on null {"method":"POST","url":"/api/user?user_email=14november%40mail.ru2&user_name=art%20abramov","file":"/var/www/project.local/src/Wrappers/UserWrapper.php","line":100} []
[2021-08-05T18:04:37.888604+00:00] app.DEBUG: Call to private method App\Wrappers\BasicWrapper::date() from scope App\Wrappers\UserWrapper {"method":"POST","url":"/api/user?user_email=14november%40mail.ru&user_name=art%20abramov","file":"/var/www/project.local/src/Wrappers/UserWrapper.php","line":77} []
[2021-08-05T18:06:06.262764+00:00] app.DEBUG: Class "App\Wrappers\DateTime" not found {"method":"POST","url":"/api/user?user_email=14november%40mail.ru&user_name=art%20abramov","file":"/var/www/project.local/src/Wrappers/BasicWrapper.php","line":39} []
[2021-08-05T18:06:25.955648+00:00] app.DEBUG: Class "App\Wrappers\DateTime" not found {"method":"POST","url":"/api/user?user_email=14november%40mail.ru&user_name=art%20abramov","file":"/var/www/project.local/src/Wrappers/BasicWrapper.php","line":39} []
[2021-08-05T18:06:56.221854+00:00] app.DEBUG: Class "App\Wrappers\DateTime" not found {"method":"POST","url":"/api/user?user_email=14november%40mail.ru&user_name=art%20abramov","file":"/var/www/project.local/src/Wrappers/BasicWrapper.php","line":39} []
[2021-08-05T18:07:29.454142+00:00] app.DEBUG: Class "App\Wrappers\AppException" not found {"method":"POST","url":"/api/user?user_email=14november%40mail.ru&user_name=art%20abramov","file":"/var/www/project.local/src/Wrappers/UserWrapper.php","line":70} []
[2021-08-05T18:08:22.299220+00:00] app.DEBUG: Class "App\Wrappers\AppException" not found {"method":"POST","url":"/api/user?user_email=14november%40mail.ru&user_name=art%20abramov","file":"/var/www/project.local/src/Wrappers/UserWrapper.php","line":70} []
[2021-08-05T18:08:49.042094+00:00] app.DEBUG: Class "App\Wrappers\DateTime" not found {"method":"POST","url":"/api/user?user_email=14november%40mail.ru&user_name=art%20abramov","file":"/var/www/project.local/src/Wrappers/BasicWrapper.php","line":40} []
[2021-08-05T18:09:21.292176+00:00] app.DEBUG: Class "App\Wrappers\AppException" not found {"method":"POST","url":"/api/user?user_email=14november%40mail.ru&user_name=art%20abramov","file":"/var/www/project.local/src/Wrappers/UserWrapper.php","line":70} []
[2021-08-05T18:48:16.093315+00:00] app.DEBUG: Call to a member function format() on null {"method":"POST","url":"/api/user?user_email=14november%40mail.ru&user_name=art%20abramov","file":"/var/www/project.local/src/Wrappers/UserWrapper.php","line":56} []
